TN:
SF:/home/macaia/Documentos/TCC/Prog_Manual_Coverage/date-plus/date-plus.c
FN:43,main
FNDA:48,main
FN:60,incrdate
FNDA:48,incrdate
FN:124,missing
FNDA:5,missing
FN:131,printdate
FNDA:43,printdate
DA:43,48
DA:45,48
DA:46,0
DA:48,0
DA:52,48
DA:55,42
DA:60,48
DA:73,48
DA:74,48
DA:77,48
DA:78,48
DA:79,48
DA:80,48
DA:81,48
DA:82,48
DA:83,48
DA:85,119
DA:86,117
DA:87,108
DA:88,101
DA:89,91
DA:90,76
DA:93,76
DA:94,76
DA:95,76
DA:97,370
DA:98,366
DA:99,366
DA:100,295
DA:101,75
DA:103,71
DA:104,71
DA:105,71
DA:106,71
DA:107,71
DA:112,71
DA:116,43
DA:117,43
DA:118,43
DA:119,43
DA:121,43
DA:124,5
DA:126,5
DA:127,5
DA:131,43
DA:145,43
DA:146,2
DA:147,2
DA:150,146
DA:151,104
DA:153,228
DA:154,125
DA:155,21
DA:156,104
DA:158,103
DA:159,1
DA:160,1
DA:161,1
DA:162,1
DA:163,1
DA:164,1
DA:165,29
DA:166,29
DA:167,29
DA:168,2
DA:169,2
DA:170,2
DA:171,4
DA:172,4
DA:173,4
DA:174,3
DA:175,3
DA:176,3
DA:177,32
DA:178,32
DA:179,32
DA:180,32
DA:181,32
DA:182,3
DA:183,3
DA:184,3
DA:188,13
DA:189,13
DA:190,13
DA:191,2
DA:192,2
DA:193,2
DA:194,7
DA:195,7
DA:196,7
DA:197,2
DA:198,2
DA:199,2
DA:200,1
DA:201,1
DA:202,1
DA:203,1
DA:204,1
DA:205,1
DA:206,1
DA:207,1
DA:208,1
DA:209,1
DA:210,1
DA:212,1
DA:213,1
DA:214,1
DA:217,124
DA:220,103
DA:221,103
DA:222,103
DA:223,61
DA:226,42
DA:227,42
end_of_record
TN:
SF:/home/macaia/Documentos/TCC/Prog_Manual_Coverage/date-plus/driver.c
FN:9,driver
FNDA:48,driver
DA:9,48
DA:13,48
DA:15,48
DA:16,48
DA:17,48
DA:18,48
DA:19,43
DA:20,42
DA:22,42
end_of_record
