TN:
SF:/home/macaia/Documentos/TCC/Prog_Manual_Coverage/MergeSort/driver.c
FN:8,driver
FNDA:16,driver
DA:8,16
DA:12,16
DA:14,5
DA:15,52
DA:16,47
DA:18,5
DA:19,52
DA:20,47
DA:21,5
DA:22,5
DA:23,1
DA:24,14
DA:25,13
DA:26,1
DA:27,1
DA:28,14
DA:29,13
DA:30,1
DA:31,1
DA:32,1
DA:33,11
DA:34,10
DA:35,1
DA:36,1
DA:37,11
DA:38,10
DA:39,1
DA:40,1
DA:41,2
DA:42,13
DA:43,11
DA:44,2
DA:45,2
DA:46,13
DA:47,11
DA:48,2
DA:49,2
DA:50,1
DA:51,11
DA:52,10
DA:53,1
DA:54,1
DA:55,11
DA:56,10
DA:57,1
DA:58,1
DA:59,1
DA:60,11
DA:61,10
DA:62,1
DA:63,1
DA:64,11
DA:65,10
DA:66,1
DA:67,1
DA:68,0
DA:69,0
DA:70,0
DA:71,0
DA:72,0
DA:73,0
DA:74,0
DA:75,0
DA:76,0
DA:77,1
DA:78,7
DA:79,6
DA:80,1
DA:81,1
DA:82,7
DA:83,6
DA:84,1
DA:85,1
DA:86,1
DA:88,1
DA:89,1
DA:90,8
DA:91,7
DA:92,1
DA:94,1
DA:95,1
DA:96,5
DA:97,4
DA:98,1
DA:99,1
DA:100,5
DA:101,4
DA:102,1
DA:103,1
DA:104,1
DA:105,6
DA:106,5
DA:107,1
DA:108,1
DA:109,6
DA:110,5
DA:111,1
DA:112,1
DA:113,1
DA:114,6
DA:115,5
DA:116,1
DA:117,1
DA:118,6
DA:119,5
DA:120,1
DA:121,1
DA:122,6
DA:123,5
DA:124,1
DA:125,1
DA:126,0
DA:129,0
DA:130,0
DA:131,0
DA:132,0
DA:133,0
DA:134,0
DA:136,0
DA:137,0
DA:138,0
DA:139,0
DA:141,0
DA:143,16
end_of_record
TN:
SF:/home/macaia/Documentos/TCC/Prog_Manual_Coverage/MergeSort/MergeSort.c
FN:8,arraycopy
FNDA:92,arraycopy
FN:23,mergeSort
FNDA:91,mergeSort
FN:46,merge
FNDA:49,merge
FN:67,main
FNDA:16,main
DA:8,92
DA:10,92
DA:11,285
DA:13,193
DA:14,193
DA:17,92
DA:23,91
DA:24,91
DA:25,91
DA:26,91
DA:27,91
DA:30,43
DA:32,43
DA:36,43
DA:38,43
DA:41,43
DA:43,91
DA:46,49
DA:47,49
DA:48,49
DA:49,49
DA:51,149
DA:52,100
DA:53,56
DA:55,44
DA:58,84
DA:59,35
DA:61,113
DA:62,64
DA:63,49
DA:67,16
DA:69,16
DA:70,11
DA:72,11
DA:76,5
DA:79,16
end_of_record
