TN:
SF:/local/c_sbqs2024/ManualProg/Calculation/driver.c
FN:4,driver
FNDA:12,driver
DA:4,12
DA:6,12
DA:7,12
DA:9,1
DA:10,1
DA:11,1
DA:12,1
DA:13,1
DA:14,1
DA:15,1
DA:16,1
DA:17,1
DA:18,1
DA:19,1
DA:20,1
DA:21,1
DA:22,1
DA:23,1
DA:24,1
DA:25,1
DA:26,1
DA:27,1
DA:28,1
DA:29,1
DA:30,1
DA:31,1
DA:32,1
DA:33,1
DA:34,1
DA:35,1
DA:36,1
DA:37,1
DA:38,1
DA:39,1
DA:40,1
DA:41,1
DA:42,1
DA:43,1
DA:44,1
DA:45,1
DA:46,1
DA:47,1
DA:48,1
DA:49,1
DA:50,1
DA:51,1
DA:52,1
DA:53,1
DA:54,1
DA:55,1
DA:56,1
DA:57,0
DA:58,0
DA:59,0
DA:60,1
DA:61,1
DA:62,1
DA:63,1
DA:64,1
DA:65,1
DA:66,1
DA:67,1
DA:68,1
DA:69,1
DA:70,1
DA:71,1
DA:72,1
DA:73,0
DA:74,0
DA:75,0
DA:77,12
end_of_record
TN:
SF:/local/c_sbqs2024/ManualProg/Calculation/Calculation.c
FN:9,FnNegate
FNDA:66,FnNegate
FN:20,FnMinus
FNDA:7,FnMinus
FN:25,DifferentSigns
FNDA:8,DifferentSigns
FN:30,abss
FNDA:80,abss
FN:36,FnTimes
FNDA:27,FnTimes
FN:48,DefineAndRoundFraction
FNDA:9,DefineAndRoundFraction
FN:56,FnDivide
FNDA:11,FnDivide
FN:76,main
FNDA:12,main
DA:9,66
DA:10,66
DA:11,66
DA:12,339
DA:13,273
DA:14,273
DA:16,66
DA:20,7
DA:21,7
DA:25,8
DA:26,8
DA:30,80
DA:31,80
DA:32,39
DA:36,27
DA:37,27
DA:39,27
DA:40,64
DA:41,45
DA:43,19
DA:44,19
DA:48,9
DA:49,9
DA:50,2
DA:56,11
DA:57,11
DA:58,11
DA:60,11
DA:61,3
DA:62,3
DA:64,8
DA:65,8
DA:66,19
DA:68,11
DA:71,8
DA:72,8
DA:76,12
DA:78,12
DA:79,12
end_of_record
