TN:
SF:/home/macaia/Documentos/TCC/Prog_Manual_Coverage/Queue/Queue.c
FN:7,main
FNDA:11,main
FN:13,init
FNDA:13,init
FN:23,is_full
FNDA:34,is_full
FN:33,is_empty
FNDA:20,is_empty
FN:50,enqueue
FNDA:32,enqueue
FN:67,dequeue
FNDA:19,dequeue
FN:83,display
FNDA:6,display
DA:7,11
DA:9,11
DA:10,11
DA:13,13
DA:15,13
DA:17,1
DA:18,1
DA:20,12
DA:23,34
DA:25,34
DA:27,2
DA:28,2
DA:30,32
DA:33,20
DA:35,20
DA:37,1
DA:38,1
DA:41,19
DA:43,4
DA:44,4
DA:47,15
DA:50,32
DA:52,32
DA:54,1
DA:55,1
DA:58,31
DA:60,3
DA:61,3
DA:63,28
DA:64,28
DA:67,19
DA:69,19
DA:71,1
DA:72,1
DA:75,18
DA:77,3
DA:78,3
DA:80,15
DA:83,6
DA:86,6
DA:88,0
DA:89,0
DA:92,19
DA:93,13
DA:94,6
end_of_record
TN:
SF:/home/macaia/Documentos/TCC/Prog_Manual_Coverage/Queue/driver.c
FN:5,driver
FNDA:11,driver
DA:5,11
DA:10,11
DA:12,1
DA:13,1
DA:14,1
DA:15,1
DA:16,1
DA:17,1
DA:18,1
DA:19,1
DA:20,1
DA:21,1
DA:22,1
DA:23,1
DA:24,1
DA:25,1
DA:26,1
DA:27,1
DA:28,1
DA:29,1
DA:30,1
DA:31,1
DA:32,1
DA:33,1
DA:34,1
DA:35,1
DA:36,1
DA:37,1
DA:38,1
DA:39,1
DA:40,1
DA:41,1
DA:42,1
DA:43,1
DA:44,1
DA:45,1
DA:46,1
DA:47,1
DA:48,1
DA:49,1
DA:50,1
DA:51,1
DA:52,1
DA:53,1
DA:54,1
DA:55,1
DA:56,1
DA:57,1
DA:58,1
DA:59,1
DA:60,1
DA:61,1
DA:62,1
DA:63,1
DA:64,1
DA:65,1
DA:66,1
DA:67,1
DA:68,1
DA:69,1
DA:70,1
DA:71,1
DA:72,1
DA:73,1
DA:74,1
DA:75,1
DA:76,1
DA:77,1
DA:78,1
DA:79,1
DA:80,1
DA:81,1
DA:82,1
DA:83,1
DA:84,1
DA:85,1
DA:86,1
DA:87,1
DA:88,1
DA:89,1
DA:90,1
DA:91,1
DA:92,1
DA:93,1
DA:94,1
DA:95,1
DA:96,1
DA:97,1
DA:98,1
DA:99,1
DA:100,1
DA:101,1
DA:102,1
DA:103,1
DA:104,1
DA:105,0
DA:106,0
DA:107,0
DA:110,11
end_of_record
