TN:
SF:/home/macaia/Documentos/TCC/Prog_Manual_Coverage/boundedQueue/driver.c
FN:5,driver
FNDA:16,driver
DA:5,16
DA:10,16
DA:11,16
DA:13,1
DA:14,1
DA:15,1
DA:16,1
DA:17,1
DA:18,1
DA:19,1
DA:20,1
DA:21,1
DA:22,1
DA:23,1
DA:24,1
DA:25,1
DA:26,1
DA:27,1
DA:28,1
DA:29,1
DA:30,1
DA:31,1
DA:32,1
DA:33,1
DA:34,1
DA:35,1
DA:36,1
DA:37,1
DA:38,1
DA:39,1
DA:40,1
DA:41,1
DA:42,1
DA:43,1
DA:44,1
DA:45,1
DA:46,1
DA:47,1
DA:51,1
DA:52,1
DA:53,301
DA:55,300
DA:56,300
DA:58,1
DA:59,1
DA:60,1
DA:61,1
DA:62,1
DA:64,1
DA:65,1
DA:66,1
DA:67,1
DA:68,1
DA:69,1
DA:70,1
DA:71,1
DA:72,1
DA:73,1
DA:74,1
DA:75,1
DA:76,1
DA:77,1
DA:78,1
DA:79,1
DA:80,1
DA:81,1
DA:82,1
DA:83,1
DA:84,1
DA:85,1
DA:86,1
DA:87,1
DA:88,1
DA:89,1
DA:90,1
DA:91,1
DA:92,1
DA:93,1
DA:94,1
DA:95,1
DA:96,1
DA:97,1
DA:98,1
DA:99,1
DA:100,1
DA:101,1
DA:102,1
DA:103,1
DA:104,1
DA:105,1
DA:106,1
DA:107,1
DA:108,1
DA:109,1
DA:110,1
DA:111,1
DA:112,1
DA:113,1
DA:114,1
DA:115,1
DA:116,1
DA:117,1
DA:118,1
DA:119,1
DA:120,1
DA:121,1
DA:122,1
DA:123,1
DA:124,1
DA:125,1
DA:126,1
DA:127,1
DA:128,1
DA:129,1
DA:130,1
DA:131,1
DA:132,1
DA:133,1
DA:134,1
DA:135,1
DA:136,1
DA:137,1
DA:138,1
DA:139,1
DA:140,1
DA:141,1
DA:142,1
DA:143,1
DA:144,1
DA:145,1
DA:146,1
DA:147,1
DA:148,1
DA:149,1
DA:150,1
DA:151,1
DA:152,1
DA:153,1
DA:154,1
DA:155,1
DA:156,1
DA:157,1
DA:158,1
DA:159,1
DA:160,1
DA:161,1
DA:162,1
DA:163,1
DA:164,1
DA:166,16
end_of_record
TN:
SF:/home/macaia/Documentos/TCC/Prog_Manual_Coverage/boundedQueue/boundedQueue.c
FN:18,createQueue
FNDA:16,createQueue
FN:38,enqueue
FNDA:642,enqueue
FN:51,isFull
FNDA:5,isFull
FN:56,isEmpty
FNDA:5,isEmpty
FN:61,dequeue
FNDA:21,dequeue
FN:75,printBoundedQueue
FNDA:12,printBoundedQueue
FN:89,main
FNDA:16,main
DA:18,16
DA:21,16
DA:22,1
DA:23,1
DA:24,1
DA:27,15
DA:29,15
DA:30,15
DA:31,15
DA:32,15
DA:33,15
DA:35,15
DA:38,642
DA:41,642
DA:42,4
DA:45,638
DA:46,638
DA:47,638
DA:49,642
DA:51,5
DA:53,5
DA:56,5
DA:58,5
DA:61,21
DA:64,21
DA:65,3
DA:66,3
DA:68,18
DA:69,18
DA:70,18
DA:71,18
DA:75,12
DA:78,12
DA:79,632
DA:80,620
DA:81,620
DA:82,620
DA:83,611
DA:86,12
DA:87,12
DA:89,16
DA:91,16
DA:92,16
end_of_record
