TN:
SF:/local/c_sbqs2024/ManualProg/Heap/Heap.c
FN:28,less01
FNDA:101,less01
FN:36,exch
FNDA:61,exch
FN:44,less02
FNDA:22,less02
FN:55,sink
FNDA:43,sink
FN:68,sort
FNDA:7,sort
FN:86,isSorted
FNDA:7,isSorted
FN:95,show
FNDA:7,show
FN:107,main
FNDA:7,main
DA:28,101
DA:29,101
DA:30,45
DA:31,56
DA:36,61
DA:38,61
DA:39,61
DA:40,61
DA:41,61
DA:44,22
DA:45,22
DA:46,3
DA:47,19
DA:55,43
DA:58,76
DA:59,55
DA:60,55
DA:61,55
DA:62,33
DA:63,33
DA:65,43
DA:68,7
DA:71,22
DA:72,15
DA:73,35
DA:75,28
DA:76,28
DA:79,7
DA:86,7
DA:88,26
DA:89,22
DA:90,4
DA:95,7
DA:97,41
DA:98,34
DA:100,7
DA:107,7
DA:109,41
DA:111,34
DA:114,7
DA:115,7
DA:116,7
DA:117,7
DA:118,7
end_of_record
