TN:
SF:/home/macaia/Documentos/TCC/Prog_Manual_Coverage/pcal/driver.c
FN:5,driver
FNDA:39,driver
DA:5,39
DA:9,39
DA:11,25
DA:12,25
DA:13,20
DA:14,3
DA:15,3
DA:16,3
DA:17,0
DA:18,0
DA:19,0
DA:20,0
DA:21,0
DA:22,1
DA:25,1
DA:26,1
DA:27,1
DA:29,1
DA:31,1
DA:32,1
DA:33,1
DA:34,1
DA:36,1
DA:38,1
DA:39,1
DA:40,1
DA:41,1
DA:43,1
DA:45,1
DA:46,1
DA:47,1
DA:48,1
DA:49,1
DA:50,1
DA:52,2
DA:54,2
DA:55,2
DA:56,2
DA:58,2
DA:60,2
DA:61,2
DA:62,2
DA:63,2
DA:65,3
DA:67,3
DA:68,3
DA:69,3
DA:70,3
DA:73,31
end_of_record
TN:
SF:/home/macaia/Documentos/TCC/Prog_Manual_Coverage/pcal/pcal.c
FN:68,byebye
FNDA:8,byebye
FN:97,getmmddyy
FNDA:30,getmmddyy
FN:123,isleapyear
FNDA:977,isleapyear
FN:134,jan1
FNDA:163,jan1
FN:157,dayofweek
FNDA:163,dayofweek
FN:176,genweek
FNDA:838,genweek
FN:248,genmonth
FNDA:161,genmonth
FN:304,dispatch
FNDA:25,dispatch
FN:391,main
FNDA:39,main
DA:68,8
DA:72,8
DA:75,7
DA:76,7
DA:79,8
DA:80,8
DA:81,8
DA:82,8
DA:83,8
DA:84,8
DA:85,8
DA:86,8
DA:87,8
DA:88,8
DA:89,8
DA:91,8
DA:97,30
DA:103,30
DA:105,30
DA:106,30
DA:107,4
DA:108,30
DA:109,4
DA:110,30
DA:111,29
DA:112,30
DA:123,977
DA:126,977
DA:134,163
DA:139,163
DA:140,163
DA:142,101
DA:143,101
DA:145,163
DA:146,123
DA:148,163
DA:157,163
DA:161,163
DA:163,163
DA:165,977
DA:166,814
DA:168,163
DA:176,838
DA:187,838
DA:188,30
DA:190,808
DA:193,4848
DA:195,4040
DA:196,4040
DA:198,32320
DA:201,28280
DA:203,24385
DA:205,4877
DA:206,5721
DA:207,844
DA:208,4877
DA:210,4877
DA:211,4877
DA:212,4877
DA:214,4877
DA:215,4877
DA:216,4877
DA:218,4877
DA:219,4877
DA:220,4877
DA:222,4877
DA:223,4877
DA:224,42
DA:226,4835
DA:227,4877
DA:231,3895
DA:232,28280
DA:235,4040
DA:238,808
DA:239,808
DA:248,161
DA:256,161
DA:259,161
DA:261,161
DA:263,161
DA:265,161
DA:267,161
DA:268,161
DA:269,161
DA:270,161
DA:274,1288
DA:275,1127
DA:276,631
DA:278,496
DA:281,161
DA:282,161
DA:285,835
DA:287,5392
DA:288,4718
DA:289,4267
DA:291,451
DA:292,674
DA:293,674
DA:295,161
DA:304,25
DA:309,25
DA:312,25
DA:313,25
DA:317,25
DA:318,25
DA:321,70
DA:323,50
DA:325,50
DA:327,17
DA:328,17
DA:329,1
DA:330,16
DA:331,16
DA:332,0
DA:333,16
DA:335,14
DA:336,14
DA:337,1
DA:338,13
DA:339,13
DA:340,0
DA:341,13
DA:343,17
DA:344,17
DA:345,2
DA:346,15
DA:347,0
DA:348,15
DA:350,1
DA:351,1
DA:352,1
DA:354,1
DA:355,1
DA:356,0
DA:358,0
DA:359,0
DA:360,0
DA:364,0
DA:367,20
DA:371,181
DA:373,161
DA:375,3
DA:376,3
DA:379,161
DA:381,161
DA:383,161
DA:384,149
DA:388,20
DA:391,39
DA:393,39
DA:394,11
DA:396,14
DA:400,25
DA:403,31
end_of_record
