TN:
SF:/local/c_sbqs2024/ManualProg/Stack/driver.c
FN:11,driver
FNDA:10,driver
DA:11,10
DA:15,10
DA:17,1
DA:18,1
DA:19,1
DA:20,1
DA:21,1
DA:22,1
DA:23,1
DA:24,1
DA:25,1
DA:26,1
DA:27,1
DA:28,1
DA:29,1
DA:30,1
DA:31,1
DA:32,1
DA:33,1
DA:34,1
DA:35,1
DA:36,1
DA:37,1
DA:38,1
DA:39,1
DA:40,1
DA:41,1
DA:42,1
DA:43,1
DA:44,1
DA:45,1
DA:46,1
DA:47,1
DA:48,1
DA:49,1
DA:50,1
DA:51,1
DA:52,1
DA:53,1
DA:54,1
DA:55,1
DA:56,1
DA:57,1
DA:58,1
DA:59,1
DA:60,1
DA:61,1
DA:62,1
DA:63,1
DA:64,1
DA:65,1
DA:66,1
DA:67,1
DA:68,1
DA:69,1
DA:70,1
DA:71,1
DA:72,1
DA:73,1
DA:74,1
DA:75,1
DA:76,1
DA:77,1
DA:78,1
DA:79,1
DA:80,1
DA:81,1
DA:82,1
DA:83,1
DA:84,1
DA:85,1
DA:86,1
DA:87,1048577
DA:89,1048576
DA:91,1048567
DA:93,1048566
DA:95,1
DA:96,1
DA:97,1
DA:98,1
DA:99,1
DA:100,1
DA:101,1
DA:102,1
DA:103,1
DA:104,1
DA:105,1
DA:106,0
DA:107,0
DA:108,0
DA:109,0
DA:110,0
DA:111,0
DA:112,0
DA:113,0
DA:114,0
DA:115,0
DA:117,10
end_of_record
TN:
SF:/local/c_sbqs2024/ManualProg/Stack/Stack.c
FN:13,join
FNDA:1048618,join
FN:19,push
FNDA:1048617,push
FN:38,pop
FNDA:1048571,pop
FN:60,isEmpty
FNDA:1048572,isEmpty
FN:69,removeBottom
FNDA:3,removeBottom
FN:82,print_stack
FNDA:10,print_stack
FN:97,main
FNDA:10,main
DA:13,1048618
DA:14,1048618
DA:15,1048618
DA:16,1048618
DA:19,1048617
DA:22,1048617
DA:23,1048617
DA:24,1048617
DA:26,0
DA:27,0
DA:30,1048617
DA:31,1048617
DA:32,1048617
DA:33,1048617
DA:34,1048617
DA:38,1048571
DA:42,1048571
DA:44,1048570
DA:45,1048570
DA:46,1048570
DA:48,1048569
DA:49,1048569
DA:52,1
DA:53,1048570
DA:54,1048570
DA:56,1
DA:57,1
DA:60,1048572
DA:62,1048572
DA:63,2
DA:65,1048570
DA:69,3
DA:72,3
DA:73,3
DA:74,3
DA:75,2
DA:76,3
DA:78,3
DA:82,10
DA:84,10
DA:85,10
DA:87,53
DA:89,43
DA:90,43
DA:92,10
DA:93,10
DA:97,10
DA:99,10
DA:100,10
end_of_record
