TN:
SF:/local/c_sbqs2024/ManualProg/UnixCal/driver.c
FN:3,driver
FNDA:28,driver
DA:3,28
DA:6,28
DA:8,28
DA:9,28
DA:10,0
DA:12,0
end_of_record
TN:
SF:/local/c_sbqs2024/ManualProg/UnixCal/UnixCal.c
FN:20,main
FNDA:28,main
FN:38,dispatch
FNDA:28,dispatch
FN:105,pstr
FNDA:276,pstr
FN:131,cal
FNDA:118,cal
FN:191,jan1
FNDA:236,jan1
DA:20,28
DA:24,28
DA:25,0
DA:27,0
DA:31,28
DA:33,0
DA:38,28
DA:44,28
DA:45,12
DA:49,16
DA:53,1
DA:54,1
DA:55,1
DA:56,1
DA:58,15
DA:59,15
DA:60,3
DA:61,3
DA:63,12
DA:64,12
DA:65,3
DA:66,3
DA:69,10
DA:70,10
DA:71,10
DA:72,70
DA:73,60
DA:74,10
DA:76,12
DA:80,12
DA:81,12
DA:82,3
DA:83,3
DA:85,9
DA:86,9
DA:87,9
DA:88,45
DA:89,15588
DA:90,15552
DA:91,36
DA:92,36
DA:93,36
DA:94,36
DA:95,36
DA:96,36
DA:97,36
DA:98,252
DA:99,216
DA:101,9
DA:102,9
DA:105,276
DA:111,276
DA:112,276
DA:113,17268
DA:114,16992
DA:115,10892
DA:116,276
DA:117,4111
DA:118,4089
DA:119,254
DA:120,276
DA:121,276
DA:122,276
DA:131,118
DA:137,118
DA:138,118
DA:139,118
DA:140,118
DA:142,118
DA:147,90
DA:148,90
DA:149,90
DA:154,13
DA:155,13
DA:156,13
DA:161,118
DA:164,762
DA:165,644
DA:166,118
DA:167,118
DA:168,3692
DA:169,3574
DA:170,2
DA:171,2
DA:173,3574
DA:174,2526
DA:175,3574
DA:176,3574
DA:177,3574
DA:178,3574
DA:179,510
DA:180,510
DA:181,510
DA:184,118
DA:191,236
DA:200,236
DA:201,236
DA:209,236
DA:210,146
DA:211,146
DA:218,236
DA:219,171
DA:221,236
end_of_record
