TN:
SF:/local/c_sbqs2024/ManualProg/LRS/LRS.c
FN:31,minn
FNDA:28,minn
FN:36,sort
FNDA:7,sort
FN:54,substr
FNDA:62,substr
FN:66,lcp
FNDA:28,lcp
FN:82,LRS
FNDA:7,LRS
FN:114,main
FNDA:7,main
DA:31,28
DA:33,28
DA:36,7
DA:40,35
DA:41,142
DA:42,114
DA:44,108
DA:45,108
DA:46,108
DA:48,7
DA:54,62
DA:58,62
DA:59,62
DA:60,62
DA:61,62
DA:62,62
DA:66,28
DA:67,28
DA:69,28
DA:70,121
DA:71,99
DA:73,6
DA:76,22
DA:82,7
DA:85,7
DA:86,7
DA:87,7
DA:88,41
DA:90,34
DA:91,34
DA:94,7
DA:96,35
DA:100,28
DA:102,28
DA:104,22
DA:108,7
DA:114,7
DA:122,7
DA:123,1
DA:125,6
DA:127,7
DA:129,7
end_of_record
