TN:
SF:/home/macaia/Documentos/TCC/Prog_Manual_Coverage/trashAndTakeOut/driver.c
FN:5,driver
FNDA:11,driver
DA:5,11
DA:8,11
DA:10,6
DA:11,6
DA:12,6
DA:14,5
DA:15,5
DA:16,5
DA:18,11
end_of_record
TN:
SF:/home/macaia/Documentos/TCC/Prog_Manual_Coverage/trashAndTakeOut/trashAndTakeOut.c
FN:6,trash
FNDA:6,trash
FN:21,takeOut
FNDA:11,takeOut
FN:33,main
FNDA:11,main
DA:6,6
DA:10,6
DA:11,6
DA:12,4
DA:13,6
DA:14,1
DA:16,5
DA:17,6
DA:18,6
DA:19,6
DA:21,11
DA:25,11
DA:26,11
DA:27,7
DA:29,4
DA:30,11
DA:33,11
DA:37,11
DA:40,5
DA:44,6
DA:46,11
end_of_record
